

Started GET "/" for ::1 at 2017-03-08 16:07:42 -0500
Processing by Rails::WelcomeController#index as HTML
  Rendered /Users/Holt/.rvm/gems/ruby-2.3.3/gems/railties-4.2.2/lib/rails/templates/rails/welcome/index.html.erb (1.5ms)
Completed 200 OK in 16ms (Views: 7.3ms | ActiveRecord: 0.0ms)


Started GET "/homepage" for ::1 at 2017-03-08 16:07:44 -0500

ActionController::RoutingError (No route matches [GET] "/homepage"):
  actionpack (4.2.2) lib/action_dispatch/middleware/debug_exceptions.rb:21:in `call'
  web-console (2.3.0) lib/web_console/middleware.rb:28:in `block in call'
  web-console (2.3.0) lib/web_console/middleware.rb:18:in `catch'
  web-console (2.3.0) lib/web_console/middleware.rb:18:in `call'
  actionpack (4.2.2) lib/action_dispatch/middleware/show_exceptions.rb:30:in `call'
  railties (4.2.2) lib/rails/rack/logger.rb:38:in `call_app'
  railties (4.2.2) lib/rails/rack/logger.rb:20:in `block in call'
  activesupport (4.2.2) lib/active_support/tagged_logging.rb:68:in `block in tagged'
  activesupport (4.2.2) lib/active_support/tagged_logging.rb:26:in `tagged'
  activesupport (4.2.2) lib/active_support/tagged_logging.rb:68:in `tagged'
  railties (4.2.2) lib/rails/rack/logger.rb:20:in `call'
  actionpack (4.2.2) lib/action_dispatch/middleware/request_id.rb:21:in `call'
  rack (1.6.4) lib/rack/methodoverride.rb:22:in `call'
  rack (1.6.4) lib/rack/runtime.rb:18:in `call'
  activesupport (4.2.2) lib/active_support/cache/strategy/local_cache_middleware.rb:28:in `call'
  rack (1.6.4) lib/rack/lock.rb:17:in `call'
  actionpack (4.2.2) lib/action_dispatch/middleware/static.rb:113:in `call'
  rack (1.6.4) lib/rack/sendfile.rb:113:in `call'
  railties (4.2.2) lib/rails/engine.rb:518:in `call'
  railties (4.2.2) lib/rails/application.rb:164:in `call'
  rack (1.6.4) lib/rack/lock.rb:17:in `call'
  rack (1.6.4) lib/rack/content_length.rb:15:in `call'
  rack (1.6.4) lib/rack/handler/webrick.rb:88:in `service'
  /Users/Holt/.rvm/rubies/ruby-2.3.3/lib/ruby/2.3.0/webrick/httpserver.rb:140:in `service'
  /Users/Holt/.rvm/rubies/ruby-2.3.3/lib/ruby/2.3.0/webrick/httpserver.rb:96:in `run'
  /Users/Holt/.rvm/rubies/ruby-2.3.3/lib/ruby/2.3.0/webrick/server.rb:296:in `block in start_thread'


  Rendered /Users/Holt/.rvm/gems/ruby-2.3.3/gems/actionpack-4.2.2/lib/action_dispatch/middleware/templates/rescues/_trace.html.erb (3.7ms)
  Rendered /Users/Holt/.rvm/gems/ruby-2.3.3/gems/actionpack-4.2.2/lib/action_dispatch/middleware/templates/routes/_route.html.erb (0.7ms)
  Rendered /Users/Holt/.rvm/gems/ruby-2.3.3/gems/actionpack-4.2.2/lib/action_dispatch/middleware/templates/routes/_table.html.erb (8.6ms)
  Rendered /Users/Holt/.rvm/gems/ruby-2.3.3/gems/actionpack-4.2.2/lib/action_dispatch/middleware/templates/rescues/_request_and_response.html.erb (1.2ms)
  Rendered /Users/Holt/.rvm/gems/ruby-2.3.3/gems/actionpack-4.2.2/lib/action_dispatch/middleware/templates/rescues/routing_error.html.erb within rescues/layout (96.3ms)
  Rendered /Users/Holt/.rvm/gems/ruby-2.3.3/gems/web-console-2.3.0/lib/web_console/templates/_markup.html.erb (0.4ms)
  Rendered /Users/Holt/.rvm/gems/ruby-2.3.3/gems/web-console-2.3.0/lib/web_console/templates/_inner_console_markup.html.erb within layouts/inlined_string (0.5ms)
  Rendered /Users/Holt/.rvm/gems/ruby-2.3.3/gems/web-console-2.3.0/lib/web_console/templates/_prompt_box_markup.html.erb within layouts/inlined_string (0.6ms)
  Rendered /Users/Holt/.rvm/gems/ruby-2.3.3/gems/web-console-2.3.0/lib/web_console/templates/style.css.erb within layouts/inlined_string (0.4ms)
  Rendered /Users/Holt/.rvm/gems/ruby-2.3.3/gems/web-console-2.3.0/lib/web_console/templates/console.js.erb within layouts/javascript (69.2ms)
  Rendered /Users/Holt/.rvm/gems/ruby-2.3.3/gems/web-console-2.3.0/lib/web_console/templates/main.js.erb within layouts/javascript (1.0ms)
  Rendered /Users/Holt/.rvm/gems/ruby-2.3.3/gems/web-console-2.3.0/lib/web_console/templates/error_page.js.erb within layouts/javascript (0.7ms)
  Rendered /Users/Holt/.rvm/gems/ruby-2.3.3/gems/web-console-2.3.0/lib/web_console/templates/index.html.erb (140.1ms)


Started GET "/home" for ::1 at 2017-03-08 16:07:44 -0500
Processing by WelcomeController#home as HTML
  Rendered welcome/home.html.erb within layouts/application (0.5ms)
Completed 200 OK in 447ms (Views: 446.1ms | ActiveRecord: 0.0ms)


Started GET "/home" for ::1 at 2017-03-08 16:08:05 -0500
Processing by WelcomeController#home as HTML
  Rendered welcome/home.html.erb within layouts/application (0.4ms)
Completed 200 OK in 14ms (Views: 12.5ms | ActiveRecord: 0.0ms)


Started GET "/home" for ::1 at 2017-03-08 16:08:11 -0500
Processing by WelcomeController#home as HTML
  Rendered welcome/home.html.erb within layouts/application (0.3ms)
Completed 200 OK in 10ms (Views: 9.3ms | ActiveRecord: 0.0ms)


Started GET "/auth/facebook" for ::1 at 2017-03-08 16:08:49 -0500


Started GET "/auth/facebook" for ::1 at 2017-03-08 16:08:49 -0500


Started GET "/home" for ::1 at 2017-03-08 16:11:17 -0500
Processing by WelcomeController#home as HTML
  Rendered welcome/home.html.erb within layouts/application (2.9ms)
Completed 200 OK in 263ms (Views: 254.2ms | ActiveRecord: 0.0ms)


Started GET "/auth/facebook" for ::1 at 2017-03-08 16:11:18 -0500


Started GET "/auth/facebook" for ::1 at 2017-03-08 16:11:18 -0500


Started GET "/auth/facebook/callback?code=AQDATbNMBGqYKznTdE0YL0TNikV4wjrR0X-DgVy304GWSEUiYqDTyJl8rpCbBkLklWlOCMZEmnLNcAgb6ZGmoGwG97oMMQPKtDRIZD5BINMc8mOLfWGP4XGcsfohIX64eaBYp2H_WUGVkAqFUvaemLx58146vZPO0-hUvJSoBdSRfzT1VGeMkY5tIp9Ejn2ihhdVaabmr59uS64AdaIW8s5_XEJnBXVoOuZGxN0FcbY3E9rzpg0Y5sgVDUBj-GFHxVW7pGXU8bzJIP862wmArB3kNb7XgFu1Eii8ml10ejd2ptX7Ck-SE7PniUhlb1NWy_I&state=1c6caa3aa424a8ec7b88d76261b529f3552f26466d7dd4d5" for ::1 at 2017-03-08 16:12:25 -0500

ActionController::RoutingError (No route matches [GET] "/auth/facebook/callback"):
  actionpack (4.2.2) lib/action_dispatch/middleware/debug_exceptions.rb:21:in `call'
  web-console (2.3.0) lib/web_console/middleware.rb:28:in `block in call'
  web-console (2.3.0) lib/web_console/middleware.rb:18:in `catch'
  web-console (2.3.0) lib/web_console/middleware.rb:18:in `call'
  actionpack (4.2.2) lib/action_dispatch/middleware/show_exceptions.rb:30:in `call'
  railties (4.2.2) lib/rails/rack/logger.rb:38:in `call_app'
  railties (4.2.2) lib/rails/rack/logger.rb:20:in `block in call'
  activesupport (4.2.2) lib/active_support/tagged_logging.rb:68:in `block in tagged'
  activesupport (4.2.2) lib/active_support/tagged_logging.rb:26:in `tagged'
  activesupport (4.2.2) lib/active_support/tagged_logging.rb:68:in `tagged'
  railties (4.2.2) lib/rails/rack/logger.rb:20:in `call'
  actionpack (4.2.2) lib/action_dispatch/middleware/request_id.rb:21:in `call'
  rack (1.6.4) lib/rack/methodoverride.rb:22:in `call'
  rack (1.6.4) lib/rack/runtime.rb:18:in `call'
  activesupport (4.2.2) lib/active_support/cache/strategy/local_cache_middleware.rb:28:in `call'
  rack (1.6.4) lib/rack/lock.rb:17:in `call'
  actionpack (4.2.2) lib/action_dispatch/middleware/static.rb:113:in `call'
  rack (1.6.4) lib/rack/sendfile.rb:113:in `call'
  railties (4.2.2) lib/rails/engine.rb:518:in `call'
  railties (4.2.2) lib/rails/application.rb:164:in `call'
  rack (1.6.4) lib/rack/lock.rb:17:in `call'
  rack (1.6.4) lib/rack/content_length.rb:15:in `call'
  rack (1.6.4) lib/rack/handler/webrick.rb:88:in `service'
  /Users/Holt/.rvm/rubies/ruby-2.3.3/lib/ruby/2.3.0/webrick/httpserver.rb:140:in `service'
  /Users/Holt/.rvm/rubies/ruby-2.3.3/lib/ruby/2.3.0/webrick/httpserver.rb:96:in `run'
  /Users/Holt/.rvm/rubies/ruby-2.3.3/lib/ruby/2.3.0/webrick/server.rb:296:in `block in start_thread'


  Rendered /Users/Holt/.rvm/gems/ruby-2.3.3/gems/actionpack-4.2.2/lib/action_dispatch/middleware/templates/rescues/_trace.html.erb (1.8ms)
  Rendered /Users/Holt/.rvm/gems/ruby-2.3.3/gems/actionpack-4.2.2/lib/action_dispatch/middleware/templates/routes/_route.html.erb (0.7ms)
  Rendered /Users/Holt/.rvm/gems/ruby-2.3.3/gems/actionpack-4.2.2/lib/action_dispatch/middleware/templates/routes/_table.html.erb (6.2ms)
  Rendered /Users/Holt/.rvm/gems/ruby-2.3.3/gems/actionpack-4.2.2/lib/action_dispatch/middleware/templates/rescues/_request_and_response.html.erb (1.1ms)
  Rendered /Users/Holt/.rvm/gems/ruby-2.3.3/gems/actionpack-4.2.2/lib/action_dispatch/middleware/templates/rescues/routing_error.html.erb within rescues/layout (68.6ms)
  Rendered /Users/Holt/.rvm/gems/ruby-2.3.3/gems/web-console-2.3.0/lib/web_console/templates/_markup.html.erb (0.4ms)
  Rendered /Users/Holt/.rvm/gems/ruby-2.3.3/gems/web-console-2.3.0/lib/web_console/templates/_inner_console_markup.html.erb within layouts/inlined_string (0.3ms)
  Rendered /Users/Holt/.rvm/gems/ruby-2.3.3/gems/web-console-2.3.0/lib/web_console/templates/_prompt_box_markup.html.erb within layouts/inlined_string (0.4ms)
  Rendered /Users/Holt/.rvm/gems/ruby-2.3.3/gems/web-console-2.3.0/lib/web_console/templates/style.css.erb within layouts/inlined_string (0.6ms)
  Rendered /Users/Holt/.rvm/gems/ruby-2.3.3/gems/web-console-2.3.0/lib/web_console/templates/console.js.erb within layouts/javascript (46.8ms)
  Rendered /Users/Holt/.rvm/gems/ruby-2.3.3/gems/web-console-2.3.0/lib/web_console/templates/main.js.erb within layouts/javascript (0.4ms)
  Rendered /Users/Holt/.rvm/gems/ruby-2.3.3/gems/web-console-2.3.0/lib/web_console/templates/error_page.js.erb within layouts/javascript (0.5ms)
  Rendered /Users/Holt/.rvm/gems/ruby-2.3.3/gems/web-console-2.3.0/lib/web_console/templates/index.html.erb (100.3ms)


Started GET "/auth/facebook/callback?code=AQDATbNMBGqYKznTdE0YL0TNikV4wjrR0X-DgVy304GWSEUiYqDTyJl8rpCbBkLklWlOCMZEmnLNcAgb6ZGmoGwG97oMMQPKtDRIZD5BINMc8mOLfWGP4XGcsfohIX64eaBYp2H_WUGVkAqFUvaemLx58146vZPO0-hUvJSoBdSRfzT1VGeMkY5tIp9Ejn2ihhdVaabmr59uS64AdaIW8s5_XEJnBXVoOuZGxN0FcbY3E9rzpg0Y5sgVDUBj-GFHxVW7pGXU8bzJIP862wmArB3kNb7XgFu1Eii8ml10ejd2ptX7Ck-SE7PniUhlb1NWy_I&state=1c6caa3aa424a8ec7b88d76261b529f3552f26466d7dd4d5" for ::1 at 2017-03-08 16:14:45 -0500

OAuth2::Error ({"message"=>"This authorization code has been used.", "type"=>"OAuthException", "code"=>100, "fbtrace_id"=>"G/UyOhZdzPz"}: 
{"error":{"message":"This authorization code has been used.","type":"OAuthException","code":100,"fbtrace_id":"G\/UyOhZdzPz"}}):
  oauth2 (1.3.1) lib/oauth2/client.rb:119:in `request'
  oauth2 (1.3.1) lib/oauth2/client.rb:146:in `get_token'
  oauth2 (1.3.1) lib/oauth2/strategy/auth_code.rb:30:in `get_token'
  omniauth-oauth2 (1.4.0) lib/omniauth/strategies/oauth2.rb:89:in `build_access_token'
  omniauth-facebook (4.0.0) lib/omniauth/strategies/facebook.rb:110:in `build_access_token'
  omniauth-oauth2 (1.4.0) lib/omniauth/strategies/oauth2.rb:73:in `callback_phase'
  omniauth-facebook (4.0.0) lib/omniauth/strategies/facebook.rb:67:in `block in callback_phase'
  omniauth-facebook (4.0.0) lib/omniauth/strategies/facebook.rb:131:in `with_authorization_code!'
  omniauth-facebook (4.0.0) lib/omniauth/strategies/facebook.rb:66:in `callback_phase'
  omniauth (1.6.1) lib/omniauth/strategy.rb:230:in `callback_call'
  omniauth (1.6.1) lib/omniauth/strategy.rb:187:in `call!'
  omniauth (1.6.1) lib/omniauth/strategy.rb:167:in `call'
  omniauth (1.6.1) lib/omniauth/builder.rb:63:in `call'
  rack (1.6.4) lib/rack/etag.rb:24:in `call'
  rack (1.6.4) lib/rack/conditionalget.rb:25:in `call'
  rack (1.6.4) lib/rack/head.rb:13:in `call'
  actionpack (4.2.2) lib/action_dispatch/middleware/params_parser.rb:27:in `call'
  actionpack (4.2.2) lib/action_dispatch/middleware/flash.rb:260:in `call'
  rack (1.6.4) lib/rack/session/abstract/id.rb:225:in `context'
  rack (1.6.4) lib/rack/session/abstract/id.rb:220:in `call'
  actionpack (4.2.2) lib/action_dispatch/middleware/cookies.rb:560:in `call'
  activerecord (4.2.2) lib/active_record/query_cache.rb:36:in `call'
  activerecord (4.2.2) lib/active_record/connection_adapters/abstract/connection_pool.rb:649:in `call'
  activerecord (4.2.2) lib/active_record/migration.rb:378:in `call'
  actionpack (4.2.2) lib/action_dispatch/middleware/callbacks.rb:29:in `block in call'
  activesupport (4.2.2) lib/active_support/callbacks.rb:88:in `_run_callbacks'
  activesupport (4.2.2) lib/active_support/callbacks.rb:776:in `_run_call_callbacks'
  activesupport (4.2.2) lib/active_support/callbacks.rb:81:in `run_callbacks'
  actionpack (4.2.2) lib/action_dispatch/middleware/callbacks.rb:27:in `call'
  actionpack (4.2.2) lib/action_dispatch/middleware/reloader.rb:73:in `call'
  actionpack (4.2.2) lib/action_dispatch/middleware/remote_ip.rb:78:in `call'
  actionpack (4.2.2) lib/action_dispatch/middleware/debug_exceptions.rb:17:in `call'
  web-console (2.3.0) lib/web_console/middleware.rb:28:in `block in call'
  web-console (2.3.0) lib/web_console/middleware.rb:18:in `catch'
  web-console (2.3.0) lib/web_console/middleware.rb:18:in `call'
  actionpack (4.2.2) lib/action_dispatch/middleware/show_exceptions.rb:30:in `call'
  railties (4.2.2) lib/rails/rack/logger.rb:38:in `call_app'
  railties (4.2.2) lib/rails/rack/logger.rb:20:in `block in call'
  activesupport (4.2.2) lib/active_support/tagged_logging.rb:68:in `block in tagged'
  activesupport (4.2.2) lib/active_support/tagged_logging.rb:26:in `tagged'
  activesupport (4.2.2) lib/active_support/tagged_logging.rb:68:in `tagged'
  railties (4.2.2) lib/rails/rack/logger.rb:20:in `call'
  actionpack (4.2.2) lib/action_dispatch/middleware/request_id.rb:21:in `call'
  rack (1.6.4) lib/rack/methodoverride.rb:22:in `call'
  rack (1.6.4) lib/rack/runtime.rb:18:in `call'
  activesupport (4.2.2) lib/active_support/cache/strategy/local_cache_middleware.rb:28:in `call'
  rack (1.6.4) lib/rack/lock.rb:17:in `call'
  actionpack (4.2.2) lib/action_dispatch/middleware/static.rb:113:in `call'
  rack (1.6.4) lib/rack/sendfile.rb:113:in `call'
  railties (4.2.2) lib/rails/engine.rb:518:in `call'
  railties (4.2.2) lib/rails/application.rb:164:in `call'
  rack (1.6.4) lib/rack/lock.rb:17:in `call'
  rack (1.6.4) lib/rack/content_length.rb:15:in `call'
  rack (1.6.4) lib/rack/handler/webrick.rb:88:in `service'
  /Users/Holt/.rvm/rubies/ruby-2.3.3/lib/ruby/2.3.0/webrick/httpserver.rb:140:in `service'
  /Users/Holt/.rvm/rubies/ruby-2.3.3/lib/ruby/2.3.0/webrick/httpserver.rb:96:in `run'
  /Users/Holt/.rvm/rubies/ruby-2.3.3/lib/ruby/2.3.0/webrick/server.rb:296:in `block in start_thread'


  Rendered /Users/Holt/.rvm/gems/ruby-2.3.3/gems/actionpack-4.2.2/lib/action_dispatch/middleware/templates/rescues/_source.erb (4.3ms)
  Rendered /Users/Holt/.rvm/gems/ruby-2.3.3/gems/actionpack-4.2.2/lib/action_dispatch/middleware/templates/rescues/_trace.html.erb (1.9ms)
  Rendered /Users/Holt/.rvm/gems/ruby-2.3.3/gems/actionpack-4.2.2/lib/action_dispatch/middleware/templates/rescues/_request_and_response.html.erb (0.8ms)
  Rendered /Users/Holt/.rvm/gems/ruby-2.3.3/gems/actionpack-4.2.2/lib/action_dispatch/middleware/templates/rescues/diagnostics.html.erb within rescues/layout (54.9ms)
  Rendered /Users/Holt/.rvm/gems/ruby-2.3.3/gems/web-console-2.3.0/lib/web_console/templates/_markup.html.erb (0.3ms)
  Rendered /Users/Holt/.rvm/gems/ruby-2.3.3/gems/web-console-2.3.0/lib/web_console/templates/_inner_console_markup.html.erb within layouts/inlined_string (0.3ms)
  Rendered /Users/Holt/.rvm/gems/ruby-2.3.3/gems/web-console-2.3.0/lib/web_console/templates/_prompt_box_markup.html.erb within layouts/inlined_string (0.3ms)
  Rendered /Users/Holt/.rvm/gems/ruby-2.3.3/gems/web-console-2.3.0/lib/web_console/templates/style.css.erb within layouts/inlined_string (0.4ms)
  Rendered /Users/Holt/.rvm/gems/ruby-2.3.3/gems/web-console-2.3.0/lib/web_console/templates/console.js.erb within layouts/javascript (47.2ms)
  Rendered /Users/Holt/.rvm/gems/ruby-2.3.3/gems/web-console-2.3.0/lib/web_console/templates/main.js.erb within layouts/javascript (0.3ms)
  Rendered /Users/Holt/.rvm/gems/ruby-2.3.3/gems/web-console-2.3.0/lib/web_console/templates/error_page.js.erb within layouts/javascript (0.9ms)
  Rendered /Users/Holt/.rvm/gems/ruby-2.3.3/gems/web-console-2.3.0/lib/web_console/templates/index.html.erb (99.8ms)


Started GET "/auth/facebook/callback?code=AQCldVEyBbAcXwjp8AjKN61e3B7BiFueiP9W2h-YHIOhNCOuanyjCu7OYBVV_PolkD5zzmha9OE61WNs_-0NUqoPLodfaHQ7FjNeKcNu_vCz2l-aT9VCckZnaVMXwKWiZAQ5w1e3WQbsmjXesUMxMYE435VWV0XY98gp6SXSYXmZSoSFLJS4KcbcOpit6oc-MOU3kCHIEUg4e81j4psuAmy8OwSsZjjtyEant0xihYIzKMeZo7Y9AGXaT9qfPQRTQpneShRSOHEgYu5OWitfjhelJcVk2U99kOl-y5OYFQvqn-A6U2MXs5DqAjSh_xPHzIg&state=1c6caa3aa424a8ec7b88d76261b529f3552f26466d7dd4d5" for ::1 at 2017-03-08 16:14:48 -0500
Processing by SessionsController#create as HTML
  Parameters: {"code"=>"AQCldVEyBbAcXwjp8AjKN61e3B7BiFueiP9W2h-YHIOhNCOuanyjCu7OYBVV_PolkD5zzmha9OE61WNs_-0NUqoPLodfaHQ7FjNeKcNu_vCz2l-aT9VCckZnaVMXwKWiZAQ5w1e3WQbsmjXesUMxMYE435VWV0XY98gp6SXSYXmZSoSFLJS4KcbcOpit6oc-MOU3kCHIEUg4e81j4psuAmy8OwSsZjjtyEant0xihYIzKMeZo7Y9AGXaT9qfPQRTQpneShRSOHEgYu5OWitfjhelJcVk2U99kOl-y5OYFQvqn-A6U2MXs5DqAjSh_xPHzIg", "state"=>"1c6caa3aa424a8ec7b88d76261b529f3552f26466d7dd4d5"}
Completed 500 Internal Server Error in 2ms (ActiveRecord: 0.0ms)

NoMethodError (undefined method `pry' for #<Binding:0x007f82a0c11798>
Did you mean?  try):
  app/controllers/sessions_controller.rb:3:in `create'


  Rendered /Users/Holt/.rvm/gems/ruby-2.3.3/gems/actionpack-4.2.2/lib/action_dispatch/middleware/templates/rescues/_source.erb (4.1ms)
  Rendered /Users/Holt/.rvm/gems/ruby-2.3.3/gems/actionpack-4.2.2/lib/action_dispatch/middleware/templates/rescues/_trace.html.erb (1.6ms)
  Rendered /Users/Holt/.rvm/gems/ruby-2.3.3/gems/actionpack-4.2.2/lib/action_dispatch/middleware/templates/rescues/_request_and_response.html.erb (0.8ms)
  Rendered /Users/Holt/.rvm/gems/ruby-2.3.3/gems/actionpack-4.2.2/lib/action_dispatch/middleware/templates/rescues/diagnostics.html.erb within rescues/layout (46.9ms)
  Rendered /Users/Holt/.rvm/gems/ruby-2.3.3/gems/web-console-2.3.0/lib/web_console/templates/_markup.html.erb (0.5ms)
  Rendered /Users/Holt/.rvm/gems/ruby-2.3.3/gems/web-console-2.3.0/lib/web_console/templates/_inner_console_markup.html.erb within layouts/inlined_string (0.3ms)
  Rendered /Users/Holt/.rvm/gems/ruby-2.3.3/gems/web-console-2.3.0/lib/web_console/templates/_prompt_box_markup.html.erb within layouts/inlined_string (0.3ms)
  Rendered /Users/Holt/.rvm/gems/ruby-2.3.3/gems/web-console-2.3.0/lib/web_console/templates/style.css.erb within layouts/inlined_string (0.3ms)
  Rendered /Users/Holt/.rvm/gems/ruby-2.3.3/gems/web-console-2.3.0/lib/web_console/templates/console.js.erb within layouts/javascript (38.6ms)
  Rendered /Users/Holt/.rvm/gems/ruby-2.3.3/gems/web-console-2.3.0/lib/web_console/templates/main.js.erb within layouts/javascript (0.3ms)
  Rendered /Users/Holt/.rvm/gems/ruby-2.3.3/gems/web-console-2.3.0/lib/web_console/templates/error_page.js.erb within layouts/javascript (0.4ms)
  Rendered /Users/Holt/.rvm/gems/ruby-2.3.3/gems/web-console-2.3.0/lib/web_console/templates/index.html.erb (88.2ms)


Started GET "/auth/facebook/callback?code=AQAkSwpexknRlrrE99OFj8pwZI616GoRncmCdEAlHz_Kb2k3EOoCXwDHgRvFJe9nFvp3qhZDPdXCvzF9hmcZ0BhcSjGoRsh-PS5QMRPtUyTFim-ycDAw2vwzjC2FMKp3JG3WcjQTGZGXflbw6Jbr0qA7GGGYrvg6SJKCrJYg7TNjCNCmDGLl3HlYoh62QkWHisT8QJbP2cgiLvn6NydClQEK6O7gnwb660saqiYRFtijuK9TfAhX-LVrfN06UYTMGlKkQ_h4E-jLIRGvNZABFh02UXIXfWt82-i-D-O1S3bi7GZX8PIPDR14Sjzx54vENtk&state=1c6caa3aa424a8ec7b88d76261b529f3552f26466d7dd4d5" for ::1 at 2017-03-08 16:15:09 -0500
Processing by SessionsController#create as HTML
  Parameters: {"code"=>"AQAkSwpexknRlrrE99OFj8pwZI616GoRncmCdEAlHz_Kb2k3EOoCXwDHgRvFJe9nFvp3qhZDPdXCvzF9hmcZ0BhcSjGoRsh-PS5QMRPtUyTFim-ycDAw2vwzjC2FMKp3JG3WcjQTGZGXflbw6Jbr0qA7GGGYrvg6SJKCrJYg7TNjCNCmDGLl3HlYoh62QkWHisT8QJbP2cgiLvn6NydClQEK6O7gnwb660saqiYRFtijuK9TfAhX-LVrfN06UYTMGlKkQ_h4E-jLIRGvNZABFh02UXIXfWt82-i-D-O1S3bi7GZX8PIPDR14Sjzx54vENtk", "state"=>"1c6caa3aa424a8ec7b88d76261b529f3552f26466d7dd4d5"}
Completed 500 Internal Server Error in 2ms (ActiveRecord: 0.0ms)

NoMethodError (undefined method `pry' for #<Binding:0x007f82a0c00560>
Did you mean?  try):
  app/controllers/sessions_controller.rb:3:in `create'


  Rendered /Users/Holt/.rvm/gems/ruby-2.3.3/gems/actionpack-4.2.2/lib/action_dispatch/middleware/templates/rescues/_source.erb (3.7ms)
  Rendered /Users/Holt/.rvm/gems/ruby-2.3.3/gems/actionpack-4.2.2/lib/action_dispatch/middleware/templates/rescues/_trace.html.erb (2.2ms)
  Rendered /Users/Holt/.rvm/gems/ruby-2.3.3/gems/actionpack-4.2.2/lib/action_dispatch/middleware/templates/rescues/_request_and_response.html.erb (1.9ms)
  Rendered /Users/Holt/.rvm/gems/ruby-2.3.3/gems/actionpack-4.2.2/lib/action_dispatch/middleware/templates/rescues/diagnostics.html.erb within rescues/layout (72.3ms)
  Rendered /Users/Holt/.rvm/gems/ruby-2.3.3/gems/web-console-2.3.0/lib/web_console/templates/_markup.html.erb (0.6ms)
  Rendered /Users/Holt/.rvm/gems/ruby-2.3.3/gems/web-console-2.3.0/lib/web_console/templates/_inner_console_markup.html.erb within layouts/inlined_string (0.6ms)
  Rendered /Users/Holt/.rvm/gems/ruby-2.3.3/gems/web-console-2.3.0/lib/web_console/templates/_prompt_box_markup.html.erb within layouts/inlined_string (0.7ms)
  Rendered /Users/Holt/.rvm/gems/ruby-2.3.3/gems/web-console-2.3.0/lib/web_console/templates/style.css.erb within layouts/inlined_string (0.6ms)
  Rendered /Users/Holt/.rvm/gems/ruby-2.3.3/gems/web-console-2.3.0/lib/web_console/templates/console.js.erb within layouts/javascript (85.3ms)
  Rendered /Users/Holt/.rvm/gems/ruby-2.3.3/gems/web-console-2.3.0/lib/web_console/templates/main.js.erb within layouts/javascript (0.4ms)
  Rendered /Users/Holt/.rvm/gems/ruby-2.3.3/gems/web-console-2.3.0/lib/web_console/templates/error_page.js.erb within layouts/javascript (0.4ms)
  Rendered /Users/Holt/.rvm/gems/ruby-2.3.3/gems/web-console-2.3.0/lib/web_console/templates/index.html.erb (193.8ms)


Started GET "/auth/facebook" for ::1 at 2017-03-08 16:15:11 -0500


Started GET "/auth/facebook" for ::1 at 2017-03-08 16:15:11 -0500


Started GET "/auth/facebook/callback?code=AQCJGyx_I844E0aBS5nJtvXt2yuMype5xSAdjZan-lifqGnoJcmkd_pc7QtzC4GrhlUiprUHpXf3vf_zx0_QMhb1pCwDDbjuYvx2p2PUv7eCJOnx3Od8vcYDE-peBO3JSAmi5KJ2IH-0Q97ceGSBg7TNG_tH3G1dp5fNDRElt_CIhKap5v-ySOJ6XoC-qtuD3gjZ4VEGlIccTFw2jp-lTvU9p2ico7KD0d-Henmz0BILTkFy-EghL0ZmteL1-FQTUDAuwafj9A0qFeyGKS4jZVcDSBByhdywK4E6wHtlQKXsuLtqnghQRQcAlvesshj2c3k&state=e9ce1a60cee32c40c9eddfcb0f521dad3d49b7aff6adf83c" for ::1 at 2017-03-08 16:15:12 -0500
Processing by SessionsController#create as HTML
  Parameters: {"code"=>"AQCJGyx_I844E0aBS5nJtvXt2yuMype5xSAdjZan-lifqGnoJcmkd_pc7QtzC4GrhlUiprUHpXf3vf_zx0_QMhb1pCwDDbjuYvx2p2PUv7eCJOnx3Od8vcYDE-peBO3JSAmi5KJ2IH-0Q97ceGSBg7TNG_tH3G1dp5fNDRElt_CIhKap5v-ySOJ6XoC-qtuD3gjZ4VEGlIccTFw2jp-lTvU9p2ico7KD0d-Henmz0BILTkFy-EghL0ZmteL1-FQTUDAuwafj9A0qFeyGKS4jZVcDSBByhdywK4E6wHtlQKXsuLtqnghQRQcAlvesshj2c3k", "state"=>"e9ce1a60cee32c40c9eddfcb0f521dad3d49b7aff6adf83c"}
Completed 500 Internal Server Error in 1ms (ActiveRecord: 0.0ms)

NoMethodError (undefined method `pry' for #<Binding:0x007f82a0e44b28>
Did you mean?  try):
  app/controllers/sessions_controller.rb:3:in `create'


  Rendered /Users/Holt/.rvm/gems/ruby-2.3.3/gems/actionpack-4.2.2/lib/action_dispatch/middleware/templates/rescues/_source.erb (5.0ms)
  Rendered /Users/Holt/.rvm/gems/ruby-2.3.3/gems/actionpack-4.2.2/lib/action_dispatch/middleware/templates/rescues/_trace.html.erb (2.2ms)
  Rendered /Users/Holt/.rvm/gems/ruby-2.3.3/gems/actionpack-4.2.2/lib/action_dispatch/middleware/templates/rescues/_request_and_response.html.erb (1.1ms)
  Rendered /Users/Holt/.rvm/gems/ruby-2.3.3/gems/actionpack-4.2.2/lib/action_dispatch/middleware/templates/rescues/diagnostics.html.erb within rescues/layout (59.2ms)
  Rendered /Users/Holt/.rvm/gems/ruby-2.3.3/gems/web-console-2.3.0/lib/web_console/templates/_markup.html.erb (0.4ms)
  Rendered /Users/Holt/.rvm/gems/ruby-2.3.3/gems/web-console-2.3.0/lib/web_console/templates/_inner_console_markup.html.erb within layouts/inlined_string (0.3ms)
  Rendered /Users/Holt/.rvm/gems/ruby-2.3.3/gems/web-console-2.3.0/lib/web_console/templates/_prompt_box_markup.html.erb within layouts/inlined_string (0.3ms)
  Rendered /Users/Holt/.rvm/gems/ruby-2.3.3/gems/web-console-2.3.0/lib/web_console/templates/style.css.erb within layouts/inlined_string (1.0ms)
  Rendered /Users/Holt/.rvm/gems/ruby-2.3.3/gems/web-console-2.3.0/lib/web_console/templates/console.js.erb within layouts/javascript (55.1ms)
  Rendered /Users/Holt/.rvm/gems/ruby-2.3.3/gems/web-console-2.3.0/lib/web_console/templates/main.js.erb within layouts/javascript (1.0ms)
  Rendered /Users/Holt/.rvm/gems/ruby-2.3.3/gems/web-console-2.3.0/lib/web_console/templates/error_page.js.erb within layouts/javascript (0.4ms)
  Rendered /Users/Holt/.rvm/gems/ruby-2.3.3/gems/web-console-2.3.0/lib/web_console/templates/index.html.erb (125.6ms)


Started GET "/auth/facebook" for ::1 at 2017-03-08 16:15:28 -0500


Started GET "/auth/facebook" for ::1 at 2017-03-08 16:15:28 -0500


Started GET "/auth/facebook/callback?code=AQDRf9k5XFZJfAiIIFWLzkEXzPodxMkSnfFtjsWcnx0sCgvvSXbBWH1k58AKLzFGPdw7eeCWm_Cn5tBnsFUopo8iutRaWWR0wNTxkDmiwzG_NVRBDRkxn1jqr_eE98634jvuA2k7_Td2TvjEXtncmU7RP6f98M_BZpmLcLjZpZvcETIxZpS33P8FY8b7AUMmGIyLgvYLr9eJlqP4bJi0zfxw4Pryke-S-Y_QqBuyRRi1WWDW-KWdzbl29zN3PBgKtU4y5O4jwqRCFnDXzMt8mazNz20QeHDDS40Am7KF4JiywJSQAUqDeUw2TrcNcaQ29J4&state=fe9854c7d100a8bc7cb71bc4adb0974ebaba99c125156296" for ::1 at 2017-03-08 16:15:28 -0500
Processing by SessionsController#create as HTML
  Parameters: {"code"=>"AQDRf9k5XFZJfAiIIFWLzkEXzPodxMkSnfFtjsWcnx0sCgvvSXbBWH1k58AKLzFGPdw7eeCWm_Cn5tBnsFUopo8iutRaWWR0wNTxkDmiwzG_NVRBDRkxn1jqr_eE98634jvuA2k7_Td2TvjEXtncmU7RP6f98M_BZpmLcLjZpZvcETIxZpS33P8FY8b7AUMmGIyLgvYLr9eJlqP4bJi0zfxw4Pryke-S-Y_QqBuyRRi1WWDW-KWdzbl29zN3PBgKtU4y5O4jwqRCFnDXzMt8mazNz20QeHDDS40Am7KF4JiywJSQAUqDeUw2TrcNcaQ29J4", "state"=>"fe9854c7d100a8bc7cb71bc4adb0974ebaba99c125156296"}
Completed 500 Internal Server Error in 1ms (ActiveRecord: 0.0ms)

NoMethodError (undefined method `pry' for #<Binding:0x007f829dd44e38>
Did you mean?  try):
  app/controllers/sessions_controller.rb:3:in `create'


  Rendered /Users/Holt/.rvm/gems/ruby-2.3.3/gems/actionpack-4.2.2/lib/action_dispatch/middleware/templates/rescues/_source.erb (10.3ms)
  Rendered /Users/Holt/.rvm/gems/ruby-2.3.3/gems/actionpack-4.2.2/lib/action_dispatch/middleware/templates/rescues/_trace.html.erb (1.9ms)
  Rendered /Users/Holt/.rvm/gems/ruby-2.3.3/gems/actionpack-4.2.2/lib/action_dispatch/middleware/templates/rescues/_request_and_response.html.erb (1.0ms)
  Rendered /Users/Holt/.rvm/gems/ruby-2.3.3/gems/actionpack-4.2.2/lib/action_dispatch/middleware/templates/rescues/diagnostics.html.erb within rescues/layout (53.6ms)
  Rendered /Users/Holt/.rvm/gems/ruby-2.3.3/gems/web-console-2.3.0/lib/web_console/templates/_markup.html.erb (0.4ms)
  Rendered /Users/Holt/.rvm/gems/ruby-2.3.3/gems/web-console-2.3.0/lib/web_console/templates/_inner_console_markup.html.erb within layouts/inlined_string (0.3ms)
  Rendered /Users/Holt/.rvm/gems/ruby-2.3.3/gems/web-console-2.3.0/lib/web_console/templates/_prompt_box_markup.html.erb within layouts/inlined_string (0.3ms)
  Rendered /Users/Holt/.rvm/gems/ruby-2.3.3/gems/web-console-2.3.0/lib/web_console/templates/style.css.erb within layouts/inlined_string (0.4ms)
  Rendered /Users/Holt/.rvm/gems/ruby-2.3.3/gems/web-console-2.3.0/lib/web_console/templates/console.js.erb within layouts/javascript (44.5ms)
  Rendered /Users/Holt/.rvm/gems/ruby-2.3.3/gems/web-console-2.3.0/lib/web_console/templates/main.js.erb within layouts/javascript (0.3ms)
  Rendered /Users/Holt/.rvm/gems/ruby-2.3.3/gems/web-console-2.3.0/lib/web_console/templates/error_page.js.erb within layouts/javascript (1.1ms)
  Rendered /Users/Holt/.rvm/gems/ruby-2.3.3/gems/web-console-2.3.0/lib/web_console/templates/index.html.erb (100.8ms)


Started GET "/home" for ::1 at 2017-03-08 16:15:54 -0500
Processing by WelcomeController#home as HTML
  Rendered welcome/home.html.erb within layouts/application (0.1ms)
Completed 200 OK in 376ms (Views: 375.1ms | ActiveRecord: 0.0ms)


Started GET "/auth/facebook" for ::1 at 2017-03-08 16:15:56 -0500


Started GET "/auth/facebook" for ::1 at 2017-03-08 16:15:56 -0500


Started GET "/auth/facebook/callback?code=AQDo0FzYrcPv7VQ49VnzHc--u6TqCtDh3YzUC_Cl2zKgXTqg99m-QSDBfWRaP1ugjkOuU8I2ipieY1N71qBccdARASdyuWkx9PK_LJ5ppIMk-lhooHE1gVT9-OZnB6yQ89KrpwRoKKGJKWQoMYJyV9IVLZ6uWprAukKcCOWzBuR6EjzARhixKj_ZQ6cZ2v7iwSLOTGRNzHw_Uxk4qMrV98BWdGJv-S2fbtschUeIEXp3yZWceZXgvKzGObdxq7Slvd-nQsWsapu-efM5b_NJCP1noKwlPabpfq7x5PwBmnzs7y3kUQv1Unhnq-LxF-d_WAY&state=7f11a256d4777060c1fc6c389da20a015b27b8b8b0ff8f8e" for ::1 at 2017-03-08 16:15:56 -0500
Processing by SessionsController#create as HTML
  Parameters: {"code"=>"AQDo0FzYrcPv7VQ49VnzHc--u6TqCtDh3YzUC_Cl2zKgXTqg99m-QSDBfWRaP1ugjkOuU8I2ipieY1N71qBccdARASdyuWkx9PK_LJ5ppIMk-lhooHE1gVT9-OZnB6yQ89KrpwRoKKGJKWQoMYJyV9IVLZ6uWprAukKcCOWzBuR6EjzARhixKj_ZQ6cZ2v7iwSLOTGRNzHw_Uxk4qMrV98BWdGJv-S2fbtschUeIEXp3yZWceZXgvKzGObdxq7Slvd-nQsWsapu-efM5b_NJCP1noKwlPabpfq7x5PwBmnzs7y3kUQv1Unhnq-LxF-d_WAY", "state"=>"7f11a256d4777060c1fc6c389da20a015b27b8b8b0ff8f8e"}
Completed 500 Internal Server Error in 1ms (ActiveRecord: 0.0ms)

NoMethodError (undefined method `pry' for #<Binding:0x007f829df70ef0>
Did you mean?  try):
  app/controllers/sessions_controller.rb:3:in `create'


  Rendered /Users/Holt/.rvm/gems/ruby-2.3.3/gems/actionpack-4.2.2/lib/action_dispatch/middleware/templates/rescues/_source.erb (5.9ms)
  Rendered /Users/Holt/.rvm/gems/ruby-2.3.3/gems/actionpack-4.2.2/lib/action_dispatch/middleware/templates/rescues/_trace.html.erb (3.3ms)
  Rendered /Users/Holt/.rvm/gems/ruby-2.3.3/gems/actionpack-4.2.2/lib/action_dispatch/middleware/templates/rescues/_request_and_response.html.erb (1.0ms)
  Rendered /Users/Holt/.rvm/gems/ruby-2.3.3/gems/actionpack-4.2.2/lib/action_dispatch/middleware/templates/rescues/diagnostics.html.erb within rescues/layout (58.9ms)
  Rendered /Users/Holt/.rvm/gems/ruby-2.3.3/gems/web-console-2.3.0/lib/web_console/templates/_markup.html.erb (0.4ms)
  Rendered /Users/Holt/.rvm/gems/ruby-2.3.3/gems/web-console-2.3.0/lib/web_console/templates/_inner_console_markup.html.erb within layouts/inlined_string (0.3ms)
  Rendered /Users/Holt/.rvm/gems/ruby-2.3.3/gems/web-console-2.3.0/lib/web_console/templates/_prompt_box_markup.html.erb within layouts/inlined_string (0.3ms)
  Rendered /Users/Holt/.rvm/gems/ruby-2.3.3/gems/web-console-2.3.0/lib/web_console/templates/style.css.erb within layouts/inlined_string (0.7ms)
  Rendered /Users/Holt/.rvm/gems/ruby-2.3.3/gems/web-console-2.3.0/lib/web_console/templates/console.js.erb within layouts/javascript (49.1ms)
  Rendered /Users/Holt/.rvm/gems/ruby-2.3.3/gems/web-console-2.3.0/lib/web_console/templates/main.js.erb within layouts/javascript (0.3ms)
  Rendered /Users/Holt/.rvm/gems/ruby-2.3.3/gems/web-console-2.3.0/lib/web_console/templates/error_page.js.erb within layouts/javascript (0.6ms)
  Rendered /Users/Holt/.rvm/gems/ruby-2.3.3/gems/web-console-2.3.0/lib/web_console/templates/index.html.erb (108.9ms)


Started GET "/home" for ::1 at 2017-03-08 16:16:45 -0500
Processing by WelcomeController#home as HTML
  Rendered welcome/home.html.erb within layouts/application (0.1ms)
Completed 200 OK in 13ms (Views: 12.1ms | ActiveRecord: 0.0ms)


Started GET "/auth/facebook" for ::1 at 2017-03-08 16:16:46 -0500


Started GET "/auth/facebook" for ::1 at 2017-03-08 16:16:46 -0500


Started GET "/auth/facebook/callback?code=AQAdat_o5v_r_MkzmUDA-FqfEepMNui5zWIX-d7GmO8vZHB1KgBlpFWePw-jiHcVvKqVexQyo-HjvCnJF83ksNYzrxfgeVaCp4tvQyXgHUgZkxK4r87nv5xxd6oM8RrVWdlgk4EbWilj4_Gk_3wYDxmrBpC6DEjwzpKvLLMNdng1yp1WBHqAfip-YSIycDyHoZRcKWgvdmLTTpBq1Yegg4obyuph3PXQTY_od9sgrKbaUOae6ypKLwoNRIa2Qv1mrTa7R3dF_7TfDKtvAWRqD7zxrPP_zlZQN7R9mucrPv9tra9CZ49yHGJYt2NrLWBbxCI&state=d6caf48bd464db0d0cd0061c59e5b07b630337e8b628e89a" for ::1 at 2017-03-08 16:16:47 -0500
Processing by SessionsController#create as HTML
  Parameters: {"code"=>"AQAdat_o5v_r_MkzmUDA-FqfEepMNui5zWIX-d7GmO8vZHB1KgBlpFWePw-jiHcVvKqVexQyo-HjvCnJF83ksNYzrxfgeVaCp4tvQyXgHUgZkxK4r87nv5xxd6oM8RrVWdlgk4EbWilj4_Gk_3wYDxmrBpC6DEjwzpKvLLMNdng1yp1WBHqAfip-YSIycDyHoZRcKWgvdmLTTpBq1Yegg4obyuph3PXQTY_od9sgrKbaUOae6ypKLwoNRIa2Qv1mrTa7R3dF_7TfDKtvAWRqD7zxrPP_zlZQN7R9mucrPv9tra9CZ49yHGJYt2NrLWBbxCI", "state"=>"d6caf48bd464db0d0cd0061c59e5b07b630337e8b628e89a"}
Completed 500 Internal Server Error in 161ms (ActiveRecord: 0.0ms)

SystemExit (exit):
  app/controllers/sessions_controller.rb:4:in `create'


  Rendered /Users/Holt/.rvm/gems/ruby-2.3.3/gems/actionpack-4.2.2/lib/action_dispatch/middleware/templates/rescues/_source.erb (219.7ms)
  Rendered /Users/Holt/.rvm/gems/ruby-2.3.3/gems/actionpack-4.2.2/lib/action_dispatch/middleware/templates/rescues/_trace.html.erb (82.1ms)
  Rendered /Users/Holt/.rvm/gems/ruby-2.3.3/gems/actionpack-4.2.2/lib/action_dispatch/middleware/templates/rescues/_request_and_response.html.erb (4.5ms)
  Rendered /Users/Holt/.rvm/gems/ruby-2.3.3/gems/actionpack-4.2.2/lib/action_dispatch/middleware/templates/rescues/diagnostics.html.erb within rescues/layout (375.6ms)
  Rendered /Users/Holt/.rvm/gems/ruby-2.3.3/gems/web-console-2.3.0/lib/web_console/templates/_markup.html.erb (2.5ms)
  Rendered /Users/Holt/.rvm/gems/ruby-2.3.3/gems/web-console-2.3.0/lib/web_console/templates/_inner_console_markup.html.erb within layouts/inlined_string (1.0ms)
  Rendered /Users/Holt/.rvm/gems/ruby-2.3.3/gems/web-console-2.3.0/lib/web_console/templates/_prompt_box_markup.html.erb within layouts/inlined_string (2.0ms)
  Rendered /Users/Holt/.rvm/gems/ruby-2.3.3/gems/web-console-2.3.0/lib/web_console/templates/style.css.erb within layouts/inlined_string (6.2ms)
  Rendered /Users/Holt/.rvm/gems/ruby-2.3.3/gems/web-console-2.3.0/lib/web_console/templates/console.js.erb within layouts/javascript (98.0ms)
  Rendered /Users/Holt/.rvm/gems/ruby-2.3.3/gems/web-console-2.3.0/lib/web_console/templates/main.js.erb within layouts/javascript (1.7ms)
  Rendered /Users/Holt/.rvm/gems/ruby-2.3.3/gems/web-console-2.3.0/lib/web_console/templates/error_page.js.erb within layouts/javascript (1.3ms)
  Rendered /Users/Holt/.rvm/gems/ruby-2.3.3/gems/web-console-2.3.0/lib/web_console/templates/index.html.erb (185.5ms)
